<?xml version="1.0" encoding="UTF-8"?>
<!-- Generated by org.testng.reporters.JUnitReportReporter -->
<testsuite skipped="0" hostname="AsiF" name="TestRunner.ExperiBankRunnerTest" tests="1" failures="0" timestamp="2023-02-25T18:17:49 BDT" time="55.243" errors="0">
  <testcase name="runScenario" time="55.243" classname="TestRunner.ExperiBankRunnerTest"/>
  <system-out/>
</testsuite> <!-- TestRunner.ExperiBankRunnerTest -->
